<?xml version="1.0" encoding="UTF-8"?>
<!-- Generated by org.testng.reporters.JUnitXMLReporter -->
<testsuite hostname="Manish_Gupta" name="Heal-Patient-Login-Test" tests="1" failures="1" timestamp="26 Apr 2017 15:47:04 GMT" time="0.362" errors="0">
  <testcase name="loginWithValidCredentails" time="0.339" classname="test.patient.HealPatientLoginTest">
    <failure type="org.openqa.selenium.NoSuchSessionException" message="Session ID is null. Using WebDriver after calling quit()?
Build info: version: &amp;apos;3.3.1&amp;apos;, revision: &amp;apos;5234b32&amp;apos;, time: &amp;apos;2017-03-10 09:04:52 -0800&amp;apos;
System info: host: &amp;apos;MANISH_GUPTA&amp;apos;, ip: &amp;apos;103.236.127.15&amp;apos;, os.name: &amp;apos;Windows 10&amp;apos;, os.arch: &amp;apos;amd64&amp;apos;, os.version: &amp;apos;10.0&amp;apos;, java.version: &amp;apos;1.8.0_121&amp;apos;
Driver info: driver.version: TestDriver">
      <![CDATA[org.openqa.selenium.NoSuchSessionException: Session ID is null. Using WebDriver after calling quit()?
Build info: version: '3.3.1', revision: '5234b32', time: '2017-03-10 09:04:52 -0800'
System info: host: 'MANISH_GUPTA', ip: '103.236.127.15', os.name: 'Windows 10', os.arch: 'amd64', os.version: '10.0', java.version: '1.8.0_121'
Driver info: driver.version: TestDriver
	at org.openqa.selenium.remote.HttpCommandExecutor.execute(HttpCommandExecutor.java:130)
	at org.openqa.selenium.remote.RemoteWebDriver.execute(RemoteWebDriver.java:604)
	at org.openqa.selenium.remote.RemoteWebDriver.get(RemoteWebDriver.java:325)
	at lib.common.TestDriver.loadURL(TestDriver.java:448)
	at lib.common.Browser.loadURL(Browser.java:39)
	at lib.patient.HealPatientLoginPage.login(HealPatientLoginPage.java:40)
	at test.patient.HealPatientLoginTest.loginWithValidCredentails(HealPatientLoginTest.java:43)
... Removed 25 stack frames]]>
    </failure>
  </testcase> <!-- loginWithValidCredentails -->
</testsuite> <!-- Heal-Patient-Login-Test -->
