<?xml version="1.0" encoding="UTF-8"?>
<testsuite name="Test"
           tests="15"
           failures="0"
           errors="0"
           skipped="0"
           time="987.272">
  <properties />
  
  
            <testcase name="testLogInLinkFlow" time="5.263" classname="test.patient.RegisterTest" />
                <testcase name="testPasswordMismatch" time="28.040" classname="test.patient.RegisterTest" />
                <testcase name="testRegisterWithValidData" time="41.790" classname="test.patient.RegisterTest" />
                <testcase name="testValidInvalidEmailAddress" time="120.333" classname="test.patient.RegisterTest" />
                <testcase name="testUnsupportedZipcodeNotifyMe" time="0.001" classname="test.patient.RegisterTest" />
                <testcase name="testInvalidPhoneNumber" time="42.835" classname="test.patient.RegisterTest" />
                <testcase name="testValidInvalidPassword" time="224.843" classname="test.patient.RegisterTest" />
                <testcase name="testRegisterFormWithBlankData" time="72.073" classname="test.patient.RegisterTest" />
                <testcase name="testSecurityCheckRedirectToRegisterPage" time="11.355" classname="test.patient.RegisterTest" />
                <testcase name="testConsistentErrorMessageForBlankFiled" time="55.643" classname="test.patient.RegisterTest" />
                <testcase name="testElementsOfRegisterPage" time="175.299" classname="test.patient.RegisterTest" />
                <testcase name="testUnsupportedZipcodeElements" time="84.551" classname="test.patient.RegisterTest" />
                <testcase name="testNormsAndConditionsLink" time="62.844" classname="test.patient.RegisterTest" />
                <testcase name="testUnsupportedZipcodeContinue" time="33.915" classname="test.patient.RegisterTest" />
                <testcase name="testRegisterWithExistingUserName" time="28.487" classname="test.patient.RegisterTest" />
      
</testsuite>
